\BOOKMARK [0][-]{chapter.1}{\376\377\000I\000n\000t\000r\000o\000d\000u\000c\000t\000i\000o\000n}{}% 1
\BOOKMARK [1][-]{section.1.1}{\376\377\000O\000b\000j\000e\000c\000t\000i\000v\000e\000s}{chapter.1}% 2
\BOOKMARK [1][-]{section.1.2}{\376\377\000C\000h\000a\000l\000l\000e\000n\000g\000e\000s}{chapter.1}% 3
\BOOKMARK [1][-]{section.1.3}{\376\377\000C\000o\000n\000t\000r\000i\000b\000u\000t\000i\000o\000n\000s}{chapter.1}% 4
\BOOKMARK [0][-]{chapter.2}{\376\377\000B\000a\000c\000k\000g\000r\000o\000u\000n\000d}{}% 5
\BOOKMARK [1][-]{section.2.1}{\376\377\000M\000u\000l\000t\000i\000-\000R\000o\000b\000o\000t\000\040\000S\000y\000s\000t\000e\000m\000s}{chapter.2}% 6
\BOOKMARK [2][-]{subsection.2.1.1}{\376\377\000C\000o\000m\000p\000e\000t\000i\000t\000i\000v\000e\000\040\000v\000s\000\040\000C\000o\000l\000l\000a\000b\000o\000r\000a\000t\000i\000v\000e\000\040\000B\000e\000h\000a\000v\000i\000o\000r}{section.2.1}% 7
\BOOKMARK [2][-]{subsection.2.1.2}{\376\377\000S\000t\000a\000t\000i\000c\000\040\000v\000s\000\040\000D\000y\000n\000a\000m\000i\000c\000\040\000C\000o\000o\000r\000d\000i\000n\000a\000t\000i\000o\000n}{section.2.1}% 8
\BOOKMARK [2][-]{subsection.2.1.3}{\376\377\000E\000x\000p\000l\000i\000c\000i\000t\000\040\000v\000s\000\040\000I\000m\000p\000l\000i\000c\000i\000t\000\040\000C\000o\000m\000m\000u\000n\000i\000c\000a\000t\000i\000o\000n}{section.2.1}% 9
\BOOKMARK [2][-]{subsection.2.1.4}{\376\377\000H\000o\000m\000o\000g\000e\000n\000o\000u\000s\000\040\000v\000s\000\040\000H\000e\000t\000e\000r\000o\000g\000e\000n\000o\000u\000s\000\040\000R\000o\000b\000o\000t\000s}{section.2.1}% 10
\BOOKMARK [2][-]{subsection.2.1.5}{\376\377\000C\000e\000n\000t\000r\000a\000l\000i\000s\000e\000d\000\040\000v\000s\000\040\000D\000e\000c\000e\000n\000t\000r\000a\000l\000i\000s\000e\000d\000\040\000D\000e\000c\000i\000s\000i\000o\000n\000\040\000M\000a\000k\000i\000n\000g}{section.2.1}% 11
\BOOKMARK [1][-]{section.2.2}{\376\377\000R\000o\000b\000o\000t\000\040\000W\000e\000b}{chapter.2}% 12
\BOOKMARK [2][-]{subsection.2.2.1}{\376\377\000F\000a\000c\000t\000o\000r\000\040\000G\000r\000a\000p\000h\000s}{section.2.2}% 13
\BOOKMARK [2][-]{subsection.2.2.2}{\376\377\000G\000a\000u\000s\000s\000i\000a\000n\000\040\000B\000e\000l\000i\000e\000f\000\040\000P\000r\000o\000p\000a\000g\000a\000t\000i\000o\000n}{section.2.2}% 14
\BOOKMARK [2][-]{subsection.2.2.3}{\376\377\000L\000i\000e\000\040\000T\000h\000e\000o\000r\000y}{section.2.2}% 15
\BOOKMARK [2][-]{subsection.2.2.4}{\376\377\000P\000u\000t\000t\000i\000n\000g\000\040\000i\000t\000\040\000a\000l\000l\000\040\000t\000o\000g\000e\000t\000h\000e\000r}{section.2.2}% 16
\BOOKMARK [1][-]{section.2.3}{\376\377\000S\000e\000c\000u\000r\000i\000t\000y\000\040\000I\000s\000s\000u\000e\000s}{chapter.2}% 17
\BOOKMARK [2][-]{subsection.2.3.1}{\376\377\000B\000y\000z\000a\000n\000t\000i\000n\000e\000\040\000f\000a\000u\000l\000t\000\040\000t\000o\000l\000e\000r\000a\000n\000c\000e}{section.2.3}% 18
\BOOKMARK [2][-]{subsection.2.3.2}{\376\377\000M\000a\000s\000q\000u\000e\000r\000a\000d\000e\000\040\000A\000t\000t\000a\000c\000k\000s}{section.2.3}% 19
\BOOKMARK [2][-]{subsection.2.3.3}{\376\377\000S\000y\000b\000i\000l\000\040\000A\000t\000t\000a\000c\000k\000s}{section.2.3}% 20
\BOOKMARK [0][-]{chapter.3}{\376\377\000R\000e\000l\000a\000t\000e\000d\000\040\000W\000o\000r\000k}{}% 21
\BOOKMARK [1][-]{section.3.1}{\376\377\000W\000i\000f\000i\000\040\000S\000c\000a\000t\000t\000e\000r\000i\000n\000g}{chapter.3}% 22
\BOOKMARK [2][-]{subsection.3.1.1}{\376\377\000P\000a\000p\000e\000r\000\040\0001\000\040\000-\000\040\000G\000i\000l\000\040\000e\000t\000\040\000a\000l\000.}{section.3.1}% 23
\BOOKMARK [2][-]{subsection.3.1.2}{\376\377\000P\000a\000p\000e\000r\000\040\0002\000\040\000-\000\040\000H\000u\000a\000n\000g\000\040\000e\000t\000\040\000a\000l\000.}{section.3.1}% 24
\BOOKMARK [1][-]{section.3.2}{\376\377\000P\000r\000o\000o\000f\000\040\000o\000f\000\040\000W\000o\000r\000k}{chapter.3}% 25
\BOOKMARK [2][-]{subsection.3.2.1}{\376\377\000P\000a\000p\000e\000r\000\040\000s\000e\000r\000i\000e\000s\000\040\0001\000\040\000-\000\040\000G\000u\000p\000t\000a\000\040\000e\000t\000\040\000a\000l\000.}{section.3.2}% 26
\BOOKMARK [2][-]{subsection.3.2.2}{\376\377\000P\000a\000p\000e\000r\000\040\000s\000e\000r\000i\000e\000s\000\040\0002\000\040\000-\000\040\000S\000t\000r\000o\000b\000e\000l\000\040\000e\000t\000\040\000a\000l\000.}{section.3.2}% 27
\BOOKMARK [1][-]{section.3.3}{\376\377\000A\000R\000P\000\040\000p\000o\000i\000s\000o\000n\000i\000n\000g\000\040\000d\000e\000f\000e\000n\000s\000e\000s}{chapter.3}% 28
\BOOKMARK [1][-]{section.3.4}{\376\377\000D\000D\000o\000S\000\040\000A\000t\000t\000a\000c\000k\000s}{chapter.3}% 29
\BOOKMARK [0][-]{chapter.4}{\376\377\000P\000R\000O\000J\000E\000C\000T\000\040\000X}{}% 30
\BOOKMARK [0][-]{chapter.5}{\376\377\000E\000v\000a\000l\000u\000a\000t\000i\000o\000n}{}% 31
\BOOKMARK [0][-]{chapter.6}{\376\377\000C\000o\000n\000c\000l\000u\000s\000i\000o\000n}{}% 32
\BOOKMARK [0][-]{appendix.A}{\376\377\000F\000i\000r\000s\000t\000\040\000A\000p\000p\000e\000n\000d\000i\000x}{}% 33
\BOOKMARK [0][-]{appendix*.4}{\376\377\000B\000i\000b\000l\000i\000o\000g\000r\000a\000p\000h\000y}{}% 34
